<?xml version="1.0" encoding="UTF-8"?>
<!-- Generated by org.testng.reporters.JUnitXMLReporter -->
<testsuite hostname="LAPTOP-S7S335L6" ignored="0" name="Test-AddItem" tests="1" failures="0" timestamp="09 Jun 2019 21:43:40 GMT" time="9.45" errors="0">
  <testcase name="addNewItem" time="3.134" classname="com.forescout.challenge.AddItemInTable"/>
</testsuite> <!-- Test-AddItem -->
