<?xml version="1.0" encoding="UTF-8"?>
<!-- Generated by org.testng.reporters.JUnitXMLReporter -->
<testsuite hostname="LAPTOP-S7S335L6" ignored="0" name="Test-Login" tests="1" failures="0" timestamp="09 Jun 2019 13:05:54 GMT" time="7.247" errors="0">
  <testcase name="accountSignIn" time="0.523" classname="com.forescout.challenge.Login"/>
</testsuite> <!-- Test-Login -->
