<?xml version="1.0" encoding="UTF-8"?>
<!-- Generated by org.testng.reporters.JUnitXMLReporter -->
<testsuite hostname="LAPTOP-S7S335L6" ignored="0" name="Test-PageJump" tests="1" failures="0" timestamp="09 Jun 2019 23:41:09 GMT" time="7.015" errors="0">
  <testcase name="jumpToPage" time="1.169" classname="com.forescout.challenge.PageJump"/>
</testsuite> <!-- Test-PageJump -->
