<?xml version="1.0" encoding="UTF-8"?>
<!-- Generated by org.testng.reporters.JUnitReportReporter -->
<testsuite skipped="0" hostname="LAPTOP-S7S335L6" name="com.forescout.challenge.PageJump" tests="1" failures="0" timestamp="09 Jun 2019 23:41:09 GMT" time="6.988" errors="0">
  <testcase name="jumpToPage" time="6.988" classname="com.forescout.challenge.PageJump"/>
</testsuite> <!-- com.forescout.challenge.PageJump -->
