<?xml version="1.0" encoding="UTF-8"?>
<!-- Generated by org.testng.reporters.JUnitReportReporter -->
<testsuite skipped="0" hostname="LAPTOP-S7S335L6" name="com.forescout.challenge.CustomSession" tests="1" failures="0" timestamp="09 Jun 2019 09:11:58 GMT" time="0.002" errors="0">
  <testcase name="createNewSession" time="0.002" classname="com.forescout.challenge.CustomSession"/>
</testsuite> <!-- com.forescout.challenge.CustomSession -->
