<?xml version="1.0" encoding="UTF-8"?>
<!-- Generated by org.testng.reporters.JUnitReportReporter -->
<testsuite skipped="0" hostname="LAPTOP-S7S335L6" name="com.forescout.challenge.AddItemInTable" tests="1" failures="0" timestamp="09 Jun 2019 21:43:40 GMT" time="9.418" errors="0">
  <testcase name="addNewItem" time="9.418" classname="com.forescout.challenge.AddItemInTable"/>
</testsuite> <!-- com.forescout.challenge.AddItemInTable -->
