<?xml version="1.0" encoding="UTF-8"?>
<!-- Generated by org.testng.reporters.JUnitReportReporter -->
<testsuite skipped="0" hostname="LAPTOP-S7S335L6" name="com.forescout.challenge.Login" tests="1" failures="0" timestamp="09 Jun 2019 13:06:13 GMT" time="7.221" errors="0">
  <testcase name="accountSignIn" time="7.221" classname="com.forescout.challenge.Login"/>
</testsuite> <!-- com.forescout.challenge.Login -->
